This is pdfTeX, Version 3.14159265-2.6-1.40.16 (TeX Live 2015) (preloaded format=pdflatex 2016.2.29)  17 AUG 2016 19:32
entering extended mode
 restricted \write18 enabled.
 %&-line parsing enabled.
**linEnvLearn-PAMI-2013.tex
(./linEnvLearn-PAMI-2013.tex
LaTeX2e <2016/02/01>
Babel <3.9q> and hyphenation patterns for 81 language(s) loaded.
(./IEEEtran.cls
Document Class: IEEEtran 2007/03/05 V1.7a by Michael Shell
-- See the "IEEEtran_HOWTO" manual for usage information.
-- http://www.michaelshell.org/tex/ieeetran/
\@IEEEtrantmpdimenA=\dimen102
\@IEEEtrantmpdimenB=\dimen103
\@IEEEtrantmpcountA=\count79
\@IEEEtrantmpcountB=\count80
\@IEEEtrantmptoksA=\toks14
-- Using IEEE Computer Society mode.
LaTeX Font Info:    Try loading font information for OT1+ppl on input line 366.

(/usr/local/texlive/2015/texmf-dist/tex/latex/psnfss/ot1ppl.fd
File: ot1ppl.fd 2001/06/04 font definitions for OT1/ppl.
)
-- Using 8.5in x 11in (letter) paper.
-- Using PDF output.
\@IEEEnormalsizeunitybaselineskip=\dimen104
-- This is a 10 point document.
\CLASSINFOnormalsizebaselineskip=\dimen105
\CLASSINFOnormalsizeunitybaselineskip=\dimen106
\IEEEnormaljot=\dimen107
LaTeX Font Info:    Font shape `OT1/ppl/bx/n' in size <5> not available
(Font)              Font shape `OT1/ppl/b/n' tried instead on input line 724.
LaTeX Font Info:    Font shape `OT1/ppl/bx/it' in size <5> not available
(Font)              Font shape `OT1/ppl/b/it' tried instead on input line 724.
LaTeX Font Info:    Font shape `OT1/ppl/bx/n' in size <7> not available
(Font)              Font shape `OT1/ppl/b/n' tried instead on input line 724.
LaTeX Font Info:    Font shape `OT1/ppl/bx/it' in size <7> not available
(Font)              Font shape `OT1/ppl/b/it' tried instead on input line 724.
LaTeX Font Info:    Font shape `OT1/ppl/bx/n' in size <8> not available
(Font)              Font shape `OT1/ppl/b/n' tried instead on input line 724.
LaTeX Font Info:    Font shape `OT1/ppl/bx/it' in size <8> not available
(Font)              Font shape `OT1/ppl/b/it' tried instead on input line 724.
LaTeX Font Info:    Font shape `OT1/ppl/bx/n' in size <9> not available
(Font)              Font shape `OT1/ppl/b/n' tried instead on input line 724.
LaTeX Font Info:    Font shape `OT1/ppl/bx/it' in size <9> not available
(Font)              Font shape `OT1/ppl/b/it' tried instead on input line 724.
LaTeX Font Info:    Font shape `OT1/ppl/bx/n' in size <10> not available
(Font)              Font shape `OT1/ppl/b/n' tried instead on input line 724.
LaTeX Font Info:    Font shape `OT1/ppl/bx/it' in size <10> not available
(Font)              Font shape `OT1/ppl/b/it' tried instead on input line 724.
LaTeX Font Info:    Font shape `OT1/ppl/bx/n' in size <11> not available
(Font)              Font shape `OT1/ppl/b/n' tried instead on input line 724.
LaTeX Font Info:    Font shape `OT1/ppl/bx/it' in size <11> not available
(Font)              Font shape `OT1/ppl/b/it' tried instead on input line 724.
LaTeX Font Info:    Font shape `OT1/ppl/bx/n' in size <12> not available
(Font)              Font shape `OT1/ppl/b/n' tried instead on input line 724.
LaTeX Font Info:    Font shape `OT1/ppl/bx/it' in size <12> not available
(Font)              Font shape `OT1/ppl/b/it' tried instead on input line 724.
LaTeX Font Info:    Font shape `OT1/ppl/bx/n' in size <17> not available
(Font)              Font shape `OT1/ppl/b/n' tried instead on input line 724.
LaTeX Font Info:    Font shape `OT1/ppl/bx/it' in size <17> not available
(Font)              Font shape `OT1/ppl/b/it' tried instead on input line 724.
LaTeX Font Info:    Font shape `OT1/ppl/bx/n' in size <20> not available
(Font)              Font shape `OT1/ppl/b/n' tried instead on input line 724.
LaTeX Font Info:    Font shape `OT1/ppl/bx/it' in size <20> not available
(Font)              Font shape `OT1/ppl/b/it' tried instead on input line 724.
LaTeX Font Info:    Font shape `OT1/ppl/bx/n' in size <24> not available
(Font)              Font shape `OT1/ppl/b/n' tried instead on input line 724.
LaTeX Font Info:    Font shape `OT1/ppl/bx/it' in size <24> not available
(Font)              Font shape `OT1/ppl/b/it' tried instead on input line 724.
\IEEEilabelindentA=\dimen108
\IEEEilabelindentB=\dimen109
\IEEEilabelindent=\dimen110
\IEEEelabelindent=\dimen111
\IEEEdlabelindent=\dimen112
\IEEElabelindent=\dimen113
\IEEEiednormlabelsep=\dimen114
\IEEEiedmathlabelsep=\dimen115
\IEEEiedtopsep=\skip41
\c@section=\count81
\c@subsection=\count82
\c@subsubsection=\count83
\c@paragraph=\count84
\c@IEEEsubequation=\count85
\abovecaptionskip=\skip42
\belowcaptionskip=\skip43
\c@figure=\count86
\c@table=\count87
\@IEEEeqnnumcols=\count88
\@IEEEeqncolcnt=\count89
\@IEEEtmpitemindent=\dimen116
\c@IEEEbiography=\count90
\@IEEEtranrubishbin=\box26
) (/usr/local/texlive/2015/texmf-dist/tex/latex/graphics/graphicx.sty
Package: graphicx 2014/10/28 v1.0g Enhanced LaTeX Graphics (DPC,SPQR)

(/usr/local/texlive/2015/texmf-dist/tex/latex/graphics/keyval.sty
Package: keyval 2014/10/28 v1.15 key=value parser (DPC)
\KV@toks@=\toks15
)
(/usr/local/texlive/2015/texmf-dist/tex/latex/graphics/graphics.sty
Package: graphics 2016/01/03 v1.0q Standard LaTeX Graphics (DPC,SPQR)

(/usr/local/texlive/2015/texmf-dist/tex/latex/graphics/trig.sty
Package: trig 2016/01/03 v1.10 sin cos tan (DPC)
)
(/usr/local/texlive/2015/texmf-dist/tex/latex/latexconfig/graphics.cfg
File: graphics.cfg 2010/04/23 v1.9 graphics configuration of TeX Live
)
Package graphics Info: Driver file: pdftex.def on input line 95.

(/usr/local/texlive/2015/texmf-dist/tex/latex/pdftex-def/pdftex.def
File: pdftex.def 2011/05/27 v0.06d Graphics/color for pdfTeX

(/usr/local/texlive/2015/texmf-dist/tex/generic/oberdiek/infwarerr.sty
Package: infwarerr 2010/04/08 v1.3 Providing info/warning/error messages (HO)
)
(/usr/local/texlive/2015/texmf-dist/tex/generic/oberdiek/ltxcmds.sty
Package: ltxcmds 2011/11/09 v1.22 LaTeX kernel commands for general use (HO)
)
\Gread@gobject=\count91
))
\Gin@req@height=\dimen117
\Gin@req@width=\dimen118
)
(./natbib.sty
Package: natbib 2009/07/16 8.31 (PWD, AO)
\bibhang=\skip44
\bibsep=\skip45
LaTeX Info: Redefining \cite on input line 694.
\c@NAT@ctr=\count92
) (./natbibspacing.sty
\bibspacing=\dimen119
)
(/usr/local/texlive/2015/texmf-dist/tex/latex/amsmath/amsmath.sty
Package: amsmath 2013/01/14 v2.14 AMS math features
\@mathmargin=\skip46

For additional information on amsmath, use the `?' option.
(/usr/local/texlive/2015/texmf-dist/tex/latex/amsmath/amstext.sty
Package: amstext 2000/06/29 v2.01

(/usr/local/texlive/2015/texmf-dist/tex/latex/amsmath/amsgen.sty
File: amsgen.sty 1999/11/30 v2.0
\@emptytoks=\toks16
\ex@=\dimen120
))
(/usr/local/texlive/2015/texmf-dist/tex/latex/amsmath/amsbsy.sty
Package: amsbsy 1999/11/29 v1.2d
\pmbraise@=\dimen121
)
(/usr/local/texlive/2015/texmf-dist/tex/latex/amsmath/amsopn.sty
Package: amsopn 1999/12/14 v2.01 operator names
)
\inf@bad=\count93
LaTeX Info: Redefining \frac on input line 210.
\uproot@=\count94
\leftroot@=\count95
LaTeX Info: Redefining \overline on input line 306.
\classnum@=\count96
\DOTSCASE@=\count97
LaTeX Info: Redefining \ldots on input line 378.
LaTeX Info: Redefining \dots on input line 381.
LaTeX Info: Redefining \cdots on input line 466.
\Mathstrutbox@=\box27
\strutbox@=\box28
\big@size=\dimen122
LaTeX Font Info:    Redeclaring font encoding OML on input line 566.
LaTeX Font Info:    Redeclaring font encoding OMS on input line 567.
\macc@depth=\count98
\c@MaxMatrixCols=\count99
\dotsspace@=\muskip10
\c@parentequation=\count100
\dspbrk@lvl=\count101
\tag@help=\toks17
\row@=\count102
\column@=\count103
\maxfields@=\count104
\andhelp@=\toks18
\eqnshift@=\dimen123
\alignsep@=\dimen124
\tagshift@=\dimen125
\tagwidth@=\dimen126
\totwidth@=\dimen127
\lineht@=\dimen128
\@envbody=\toks19
\multlinegap=\skip47
\multlinetaggap=\skip48
\mathdisplay@stack=\toks20
LaTeX Info: Redefining \[ on input line 2665.
LaTeX Info: Redefining \] on input line 2666.
)
(/usr/local/texlive/2015/texmf-dist/tex/latex/amsfonts/amssymb.sty
Package: amssymb 2013/01/14 v3.01 AMS font symbols

(/usr/local/texlive/2015/texmf-dist/tex/latex/amsfonts/amsfonts.sty
Package: amsfonts 2013/01/14 v3.01 Basic AMSFonts support
\symAMSa=\mathgroup4
\symAMSb=\mathgroup5
LaTeX Font Info:    Overwriting math alphabet `\mathfrak' in version `bold'
(Font)                  U/euf/m/n --> U/euf/b/n on input line 106.
))
(/usr/local/texlive/2015/texmf-dist/tex/latex/amscls/amsthm.sty
Package: amsthm 2015/03/04 v2.20.2
\thm@style=\toks21
\thm@bodyfont=\toks22
\thm@headfont=\toks23
\thm@notefont=\toks24
\thm@headpunct=\toks25
\thm@preskip=\skip49
\thm@postskip=\skip50
\thm@headsep=\skip51
\dth@everypar=\toks26
)
(./algorithm.sty
Package: algorithm 

Document Style `algorithm' - floating environment
(/usr/local/texlive/2015/texmf-dist/tex/latex/float/float.sty
Package: float 2001/11/08 v1.3d Float enhancements (AL)
\c@float@type=\count105
\float@exts=\toks27
\float@box=\box29
\@float@everytoks=\toks28
\@floatcapt=\box30
)
(/usr/local/texlive/2015/texmf-dist/tex/latex/base/ifthen.sty
Package: ifthen 2014/09/29 v1.1c Standard LaTeX ifthen package (DPC)
)
\@float@every@algorithm=\toks29
\c@algorithm=\count106
)
(./algorithmic.sty
Package: algorithmic 

Document Style `algorithmic' - environment
(/usr/local/texlive/2015/texmf-dist/tex/latex/tools/calc.sty
Package: calc 2014/10/28 v4.3 Infix arithmetic (KKT,FJ)
\calc@Acount=\count107
\calc@Bcount=\count108
\calc@Adimen=\dimen129
\calc@Bdimen=\dimen130
\calc@Askip=\skip52
\calc@Bskip=\skip53
LaTeX Info: Redefining \setlength on input line 80.
LaTeX Info: Redefining \addtolength on input line 81.
\calc@Ccount=\count109
\calc@Cskip=\skip54
)
\c@ALC@line=\count110
\c@ALC@rem=\count111
\ALC@tlm=\skip55
)
(/usr/local/texlive/2015/texmf-dist/tex/latex/hyperref/hyperref.sty
Package: hyperref 2012/11/06 v6.83m Hypertext links for LaTeX

(/usr/local/texlive/2015/texmf-dist/tex/generic/oberdiek/hobsub-hyperref.sty
Package: hobsub-hyperref 2012/05/28 v1.13 Bundle oberdiek, subset hyperref (HO)


(/usr/local/texlive/2015/texmf-dist/tex/generic/oberdiek/hobsub-generic.sty
Package: hobsub-generic 2012/05/28 v1.13 Bundle oberdiek, subset generic (HO)
Package: hobsub 2012/05/28 v1.13 Construct package bundles (HO)
Package hobsub Info: Skipping package `infwarerr' (already loaded).
Package hobsub Info: Skipping package `ltxcmds' (already loaded).
Package: ifluatex 2010/03/01 v1.3 Provides the ifluatex switch (HO)
Package ifluatex Info: LuaTeX not detected.
Package: ifvtex 2010/03/01 v1.5 Detect VTeX and its facilities (HO)
Package ifvtex Info: VTeX not detected.
Package: intcalc 2007/09/27 v1.1 Expandable calculations with integers (HO)
Package: ifpdf 2011/01/30 v2.3 Provides the ifpdf switch (HO)
Package ifpdf Info: pdfTeX in PDF mode is detected.
Package: etexcmds 2011/02/16 v1.5 Avoid name clashes with e-TeX commands (HO)
Package etexcmds Info: Could not find \expanded.
(etexcmds)             That can mean that you are not using pdfTeX 1.50 or
(etexcmds)             that some package has redefined \expanded.
(etexcmds)             In the latter case, load this package earlier.
Package: kvsetkeys 2012/04/25 v1.16 Key value parser (HO)
Package: kvdefinekeys 2011/04/07 v1.3 Define keys (HO)
Package: pdftexcmds 2011/11/29 v0.20 Utility functions of pdfTeX for LuaTeX (HO
)
Package pdftexcmds Info: LuaTeX not detected.
Package pdftexcmds Info: \pdf@primitive is available.
Package pdftexcmds Info: \pdf@ifprimitive is available.
Package pdftexcmds Info: \pdfdraftmode found.
Package: pdfescape 2011/11/25 v1.13 Implements pdfTeX's escape features (HO)
Package: bigintcalc 2012/04/08 v1.3 Expandable calculations on big integers (HO
)
Package: bitset 2011/01/30 v1.1 Handle bit-vector datatype (HO)
Package: uniquecounter 2011/01/30 v1.2 Provide unlimited unique counter (HO)
)
Package hobsub Info: Skipping package `hobsub' (already loaded).
Package: letltxmacro 2010/09/02 v1.4 Let assignment for LaTeX macros (HO)
Package: hopatch 2012/05/28 v1.2 Wrapper for package hooks (HO)
Package: xcolor-patch 2011/01/30 xcolor patch
Package: atveryend 2011/06/30 v1.8 Hooks at the very end of document (HO)
Package atveryend Info: \enddocument detected (standard20110627).
Package: atbegshi 2011/10/05 v1.16 At begin shipout hook (HO)
Package: refcount 2011/10/16 v3.4 Data extraction from label references (HO)
Package: hycolor 2011/01/30 v1.7 Color options for hyperref/bookmark (HO)
)
(/usr/local/texlive/2015/texmf-dist/tex/generic/ifxetex/ifxetex.sty
Package: ifxetex 2010/09/12 v0.6 Provides ifxetex conditional
)
(/usr/local/texlive/2015/texmf-dist/tex/latex/oberdiek/auxhook.sty
Package: auxhook 2011/03/04 v1.3 Hooks for auxiliary files (HO)
)
(/usr/local/texlive/2015/texmf-dist/tex/latex/oberdiek/kvoptions.sty
Package: kvoptions 2011/06/30 v3.11 Key value format for package options (HO)
)
\@linkdim=\dimen131
\Hy@linkcounter=\count112
\Hy@pagecounter=\count113

(/usr/local/texlive/2015/texmf-dist/tex/latex/hyperref/pd1enc.def
File: pd1enc.def 2012/11/06 v6.83m Hyperref: PDFDocEncoding definition (HO)
)
\Hy@SavedSpaceFactor=\count114

(/usr/local/texlive/2015/texmf-dist/tex/latex/latexconfig/hyperref.cfg
File: hyperref.cfg 2002/06/06 v1.2 hyperref configuration of TeXLive
)
Package hyperref Info: Hyper figures OFF on input line 4443.
Package hyperref Info: Link nesting OFF on input line 4448.
Package hyperref Info: Hyper index ON on input line 4451.
Package hyperref Info: Plain pages OFF on input line 4458.
Package hyperref Info: Backreferencing OFF on input line 4463.
Package hyperref Info: Implicit mode ON; LaTeX internals redefined.
Package hyperref Info: Bookmarks ON on input line 4688.
\c@Hy@tempcnt=\count115

(/usr/local/texlive/2015/texmf-dist/tex/latex/url/url.sty
\Urlmuskip=\muskip11
Package: url 2013/09/16  ver 3.4  Verb mode for urls, etc.
)
LaTeX Info: Redefining \url on input line 5041.
\XeTeXLinkMargin=\dimen132
\Fld@menulength=\count116
\Field@Width=\dimen133
\Fld@charsize=\dimen134
Package hyperref Info: Hyper figures OFF on input line 6295.
Package hyperref Info: Link nesting OFF on input line 6300.
Package hyperref Info: Hyper index ON on input line 6303.
Package hyperref Info: backreferencing OFF on input line 6310.
Package hyperref Info: Link coloring OFF on input line 6315.
Package hyperref Info: Link coloring with OCG OFF on input line 6320.
Package hyperref Info: PDF/A mode OFF on input line 6325.
LaTeX Info: Redefining \ref on input line 6365.
LaTeX Info: Redefining \pageref on input line 6369.
\Hy@abspage=\count117
\c@Item=\count118
\c@Hfootnote=\count119
)

Package hyperref Message: Driver (autodetected): hpdftex.

(/usr/local/texlive/2015/texmf-dist/tex/latex/hyperref/hpdftex.def
File: hpdftex.def 2012/11/06 v6.83m Hyperref driver for pdfTeX
\Fld@listcount=\count120
\c@bookmark@seq@number=\count121

(/usr/local/texlive/2015/texmf-dist/tex/latex/oberdiek/rerunfilecheck.sty
Package: rerunfilecheck 2011/04/15 v1.7 Rerun checks for auxiliary files (HO)
Package uniquecounter Info: New unique counter `rerunfilecheck' on input line 2
82.
)
\Hy@SectionHShift=\skip56
)
(/usr/local/texlive/2015/texmf-dist/tex/latex/caption/caption.sty
Package: caption 2016/02/21 v3.3-144 Customizing captions (AR)

(/usr/local/texlive/2015/texmf-dist/tex/latex/caption/caption3.sty
Package: caption3 2016/02/04 v1.7-139 caption3 kernel (AR)
Package caption3 Info: TeX engine: e-TeX on input line 67.
\captionmargin=\dimen135
\captionmargin@=\dimen136
\captionwidth=\dimen137
\caption@tempdima=\dimen138
\caption@indent=\dimen139
\caption@parindent=\dimen140
\caption@hangindent=\dimen141
Package caption Info: Unknown document class (or package),
(caption)             standard defaults will be used.
)

Package caption Warning: Unsupported document class (or package) detected,
(caption)                usage of the caption package is not recommended.
See the caption package documentation for explanation.

Package caption Info: \@makecaption = \long macro:#1#2->\ifx \@captype \@IEEEta
blestring \normalsize \begin {center}{\normalfont \sffamily \normalsize #1}\\{\
normalfont \sffamily \normalsize #2}\end {center}\@IEEEtablecaptionsepspace \el
se \@IEEEfigurecaptionsepspace \setbox \@tempboxa \hbox {\normalfont \sffamily 
\normalsize {#1.}~ #2}\ifdim \wd \@tempboxa >\hsize \setbox \@tempboxa \hbox {\
normalfont \sffamily \normalsize {#1.}~ }\parbox [t]{\hsize }{\normalfont \sffa
mily \normalsize \noindent \unhbox \@tempboxa #2}\else \hbox to\hsize {\normalf
ont \sffamily \normalsize \box \@tempboxa \hfil }\fi \fi .
\c@ContinuedFloat=\count122
Package caption Info: float package is loaded.
Package caption Info: hyperref package is loaded.
) (/usr/local/texlive/2015/texmf-dist/tex/latex/subfig/subfig.sty
Package: subfig 2005/06/28 ver: 1.3 subfig package
\c@KVtest=\count123
\sf@farskip=\skip57
\sf@captopadj=\dimen142
\sf@capskip=\skip58
\sf@nearskip=\skip59
\c@subfigure=\count124
\c@subfigure@save=\count125
\c@lofdepth=\count126
\c@subtable=\count127
\c@subtable@save=\count128
\c@lotdepth=\count129
\sf@top=\skip60
\sf@bottom=\skip61
)
(./sg-macros.sty
(/usr/local/texlive/2015/texmf-dist/tex/latex/listings/listings.sty
\lst@mode=\count130
\lst@gtempboxa=\box31
\lst@token=\toks30
\lst@length=\count131
\lst@currlwidth=\dimen143
\lst@column=\count132
\lst@pos=\count133
\lst@lostspace=\dimen144
\lst@width=\dimen145
\lst@newlines=\count134
\lst@lineno=\count135
\lst@maxwidth=\dimen146

(/usr/local/texlive/2015/texmf-dist/tex/latex/listings/lstmisc.sty
File: lstmisc.sty 2015/06/04 1.6 (Carsten Heinz)
\c@lstnumber=\count136
\lst@skipnumbers=\count137
\lst@framebox=\box32
)
(/usr/local/texlive/2015/texmf-dist/tex/latex/listings/listings.cfg
File: listings.cfg 2015/06/04 1.6 listings configuration
))
Package: listings 2015/06/04 1.6 (Carsten Heinz)

(/usr/local/texlive/2015/texmf-dist/tex/latex/graphics/color.sty
Package: color 2016/01/03 v1.1b Standard LaTeX Color (DPC)

(/usr/local/texlive/2015/texmf-dist/tex/latex/latexconfig/color.cfg
File: color.cfg 2007/01/18 v1.5 color configuration of teTeX/TeXLive
)
Package color Info: Driver file: pdftex.def on input line 143.
)
\c@THEOREM=\count138
)
\c@thm=\count139

(./linEnvLearn-PAMI-2013.aux)
\openout1 = `linEnvLearn-PAMI-2013.aux'.

LaTeX Font Info:    Checking defaults for OML/cmm/m/it on input line 67.
LaTeX Font Info:    ... okay on input line 67.
LaTeX Font Info:    Checking defaults for T1/cmr/m/n on input line 67.
LaTeX Font Info:    ... okay on input line 67.
LaTeX Font Info:    Checking defaults for OT1/cmr/m/n on input line 67.
LaTeX Font Info:    ... okay on input line 67.
LaTeX Font Info:    Checking defaults for OMS/cmsy/m/n on input line 67.
LaTeX Font Info:    ... okay on input line 67.
LaTeX Font Info:    Checking defaults for OMX/cmex/m/n on input line 67.
LaTeX Font Info:    ... okay on input line 67.
LaTeX Font Info:    Checking defaults for U/cmr/m/n on input line 67.
LaTeX Font Info:    ... okay on input line 67.
LaTeX Font Info:    Checking defaults for PD1/pdf/m/n on input line 67.
LaTeX Font Info:    ... okay on input line 67.

(/usr/local/texlive/2015/texmf-dist/tex/context/base/supp-pdf.mkii
[Loading MPS to PDF converter (version 2006.09.02).]
\scratchcounter=\count140
\scratchdimen=\dimen147
\scratchbox=\box33
\nofMPsegments=\count141
\nofMParguments=\count142
\everyMPshowfont=\toks31
\MPscratchCnt=\count143
\MPscratchDim=\dimen148
\MPnumerator=\count144
\makeMPintoPDFobject=\count145
\everyMPtoPDFconversion=\toks32
) (/usr/local/texlive/2015/texmf-dist/tex/latex/oberdiek/epstopdf-base.sty
Package: epstopdf-base 2010/02/09 v2.5 Base part for package epstopdf

(/usr/local/texlive/2015/texmf-dist/tex/latex/oberdiek/grfext.sty
Package: grfext 2010/08/19 v1.1 Manage graphics extensions (HO)
)
Package grfext Info: Graphics extension search list:
(grfext)             [.jpg,.png,.eps]
(grfext)             \AppendGraphicsExtensions on input line 452.

(/usr/local/texlive/2015/texmf-dist/tex/latex/latexconfig/epstopdf-sys.cfg
File: epstopdf-sys.cfg 2010/07/13 v1.3 Configuration of (r)epstopdf for TeX Liv
e
))
\AtBeginShipoutBox=\box34
Package hyperref Info: Link coloring OFF on input line 67.

(/usr/local/texlive/2015/texmf-dist/tex/latex/hyperref/nameref.sty
Package: nameref 2012/10/27 v2.43 Cross-referencing by name of section

(/usr/local/texlive/2015/texmf-dist/tex/generic/oberdiek/gettitlestring.sty
Package: gettitlestring 2010/12/03 v1.4 Cleanup title references (HO)
)
\c@section@level=\count146
)
LaTeX Info: Redefining \ref on input line 67.
LaTeX Info: Redefining \pageref on input line 67.
LaTeX Info: Redefining \nameref on input line 67.

(./linEnvLearn-PAMI-2013.out) (./linEnvLearn-PAMI-2013.out)
\@outlinefile=\write3
\openout3 = `linEnvLearn-PAMI-2013.out'.

Package caption Info: Begin \AtBeginDocument code.
Package caption Info: subfig package v1.3 is loaded.
Package caption Info: listings package is loaded.
Package caption Info: End \AtBeginDocument code.
\c@lstlisting=\count147
LaTeX Font Info:    Try loading font information for OT1+phv on input line 110.


(/usr/local/texlive/2015/texmf-dist/tex/latex/psnfss/ot1phv.fd
File: ot1phv.fd 2001/06/04 scalable font definitions for OT1/phv.
)
LaTeX Font Info:    Font shape `OT1/phv/m/it' in size <11> not available
(Font)              Font shape `OT1/phv/m/sl' tried instead on input line 110.
LaTeX Font Info:    Font shape `OT1/phv/bx/n' in size <8> not available
(Font)              Font shape `OT1/phv/b/n' tried instead on input line 110.
LaTeX Font Info:    Font shape `OT1/phv/m/it' in size <8> not available
(Font)              Font shape `OT1/phv/m/sl' tried instead on input line 110.

** ATTENTION: \keywords is deprecated (line 110). Use \IEEEkeywords instead.
LaTeX Font Info:    Calculating math sizes for size <11> on input line 110.
LaTeX Font Info:    Try loading font information for U+msa on input line 110.
(/usr/local/texlive/2015/texmf-dist/tex/latex/amsfonts/umsa.fd
File: umsa.fd 2013/01/14 v3.01 AMS symbols A
)
LaTeX Font Info:    Try loading font information for U+msb on input line 110.

(/usr/local/texlive/2015/texmf-dist/tex/latex/amsfonts/umsb.fd
File: umsb.fd 2013/01/14 v3.01 AMS symbols B
)
LaTeX Font Info:    Try loading font information for U+pzd on input line 110.

(/usr/local/texlive/2015/texmf-dist/tex/latex/psnfss/upzd.fd
File: upzd.fd 2001/06/04 font definitions for U/pzd.
)
** ATTENTION: \keywords is deprecated (line 110). Use \IEEEkeywords instead.
LaTeX Font Info:    Font shape `OT1/phv/bx/n' in size <12> not available
(Font)              Font shape `OT1/phv/b/n' tried instead on input line 115.
LaTeX Font Info:    Font shape `OT1/phv/bx/sc' in size <12> not available
(Font)              Font shape `OT1/phv/b/sc' tried instead on input line 115.
[1{/usr/local/texlive/2015/texmf-var/fonts/map/pdftex/updmap/pdftex.map}


]
LaTeX Font Info:    Font shape `OT1/phv/bx/n' in size <10> not available
(Font)              Font shape `OT1/phv/b/n' tried instead on input line 267.

[2]
Package epstopdf Info: Source file: <figures/not_redundant.eps>
(epstopdf)                    date: 2016-08-17 12:28:00
(epstopdf)                    size: 29452 bytes
(epstopdf)             Output file: <figures/not_redundant-eps-converted-to.pdf
>
(epstopdf)                    date: 2016-08-17 19:26:42
(epstopdf)                    size: 18630 bytes
(epstopdf)             Command: <repstopdf --outfile=figures/not_redundant-eps-
converted-to.pdf figures/not_redundant.eps>
(epstopdf)             \includegraphics on input line 340.
Package epstopdf Info: Output file is already uptodate.

<figures/not_redundant-eps-converted-to.pdf, id=176, 329.23pt x 209.78375pt>
File: figures/not_redundant-eps-converted-to.pdf Graphic file (type pdf)

<use figures/not_redundant-eps-converted-to.pdf>
Package pdftex.def Info: figures/not_redundant-eps-converted-to.pdf used on inp
ut line 340.
(pdftex.def)             Requested size: 201.60077pt x 128.46085pt.

** ATTENTION: \proof is deprecated (line 396). Use \IEEEproof instead.
[3 <./figures/not_redundant-eps-converted-to.pdf>]
** ATTENTION: \proof is deprecated (line 484). Use \IEEEproof instead.
** ATTENTION: \proof is deprecated (line 525). Use \IEEEproof instead.
** ATTENTION: \proof is deprecated (line 584). Use \IEEEproof instead.
Package epstopdf Info: Source file: <figures/stmincut.eps>
(epstopdf)                    date: 2016-08-17 12:28:00
(epstopdf)                    size: 23259 bytes
(epstopdf)             Output file: <figures/stmincut-eps-converted-to.pdf>
(epstopdf)                    date: 2016-08-17 19:26:43
(epstopdf)                    size: 14334 bytes
(epstopdf)             Command: <repstopdf --outfile=figures/stmincut-eps-conve
rted-to.pdf figures/stmincut.eps>
(epstopdf)             \includegraphics on input line 599.
Package epstopdf Info: Output file is already uptodate.
<figures/stmincut-eps-converted-to.pdf, id=230, 339.2675pt x 457.71pt>
File: figures/stmincut-eps-converted-to.pdf Graphic file (type pdf)

<use figures/stmincut-eps-converted-to.pdf>
Package pdftex.def Info: figures/stmincut-eps-converted-to.pdf used on input li
ne 599.
(pdftex.def)             Requested size: 138.60077pt x 186.98486pt.

** ATTENTION: \proof is deprecated (line 638). Use \IEEEproof instead.

Underfull \hbox (badness 6961) in paragraph at lines 639--647
[][]\OT1/cmr/m/n/10 (\OML/cmm/m/it/10 E[]  [] \OT1/cmr/m/n/10 + [][] [][] \OML/
cmm/m/it/10 E[]\OT1/cmr/m/n/10 ([][]\OML/cmm/m/it/10 ; [][]\OT1/cmr/m/n/10 ))$\
OT1/ppl/m/n/10 . By Propo-si-
 []

[4]
Underfull \hbox (badness 1584) in paragraph at lines 652--656
\OML/cmm/m/it/10 E[]\OT1/cmr/m/n/10 ([][]\OML/cmm/m/it/10 ; [][]\OT1/cmr/m/n/10
 )$ \OT1/ppl/m/n/10 is noth-ing more than a pair-wise bi-nary
 []


Underfull \hbox (badness 1546) in paragraph at lines 699--704
\OT1/ppl/m/n/10 rescaling) max-margin ap-proach for-mu-lates learn-ing
 []


Underfull \hbox (badness 1789) in paragraph at lines 699--704
\OT1/ppl/m/n/10 as a quadratic pro-gram-ming op-ti-miza-tion prob-lem,
 []

[5 <./figures/stmincut-eps-converted-to.pdf>]
Package epstopdf Info: Source file: <figures/concave.eps>
(epstopdf)                    date: 2016-08-17 12:28:00
(epstopdf)                    size: 28367 bytes
(epstopdf)             Output file: <figures/concave-eps-converted-to.pdf>
(epstopdf)                    date: 2016-08-17 19:26:43
(epstopdf)                    size: 17033 bytes
(epstopdf)             Command: <repstopdf --outfile=figures/concave-eps-conver
ted-to.pdf figures/concave.eps>
(epstopdf)             \includegraphics on input line 751.
Package epstopdf Info: Output file is already uptodate.

<figures/concave-eps-converted-to.pdf, id=265, 391.4625pt x 214.8025pt>
File: figures/concave-eps-converted-to.pdf Graphic file (type pdf)

<use figures/concave-eps-converted-to.pdf>
Package pdftex.def Info: figures/concave-eps-converted-to.pdf used on input lin
e 751.
(pdftex.def)             Requested size: 226.79846pt x 124.44788pt.
Package epstopdf Info: Source file: <figures/feature_interp.eps>
(epstopdf)                    date: 2016-08-17 12:28:00
(epstopdf)                    size: 22064 bytes
(epstopdf)             Output file: <figures/feature_interp-eps-converted-to.pd
f>
(epstopdf)                    date: 2016-08-17 19:26:43
(epstopdf)                    size: 11828 bytes
(epstopdf)             Command: <repstopdf --outfile=figures/feature_interp-eps
-converted-to.pdf figures/feature_interp.eps>
(epstopdf)             \includegraphics on input line 814.
Package epstopdf Info: Output file is already uptodate.

<figures/feature_interp-eps-converted-to.pdf, id=272, 384.43625pt x 189.70876pt
>
File: figures/feature_interp-eps-converted-to.pdf Graphic file (type pdf)
 <use figures/feature_interp-eps-converted-to.pdf>
Package pdftex.def Info: figures/feature_interp-eps-converted-to.pdf used on in
put line 814.
(pdftex.def)             Requested size: 226.79846pt x 111.9214pt.

Underfull \hbox (badness 4940) in paragraph at lines 863--868
[][]\OT1/ppl/b/n/10 Theorem 4.1. []  : \OT1/ppl/m/n/10 For the set-ting $\OML/c
mm/m/it/10 ^^O \OT1/cmr/m/n/10 = 0$\OT1/ppl/m/n/10 , Al-go-
 []

[6 <./figures/concave-eps-converted-to.pdf> <./figures/feature_interp-eps-conve
rted-to.pdf>]
** ATTENTION: \proof is deprecated (line 870). Use \IEEEproof instead.
Package hyperref Info: bookmark level for unknown algorithm defaults to 0 on in
put line 913.
[7] <figures/synthetic/groundtruth.png, id=321, 128.48pt x 128.48pt>
File: figures/synthetic/groundtruth.png Graphic file (type png)

<use figures/synthetic/groundtruth.png>
Package pdftex.def Info: figures/synthetic/groundtruth.png used on input line 1
077.
(pdftex.def)             Requested size: 45.35815pt x 45.3588pt.

<figures/synthetic/data.png, id=322, 128.48pt x 128.48pt>
File: figures/synthetic/data.png Graphic file (type png)

<use figures/synthetic/data.png>
Package pdftex.def Info: figures/synthetic/data.png used on input line 1078.
(pdftex.def)             Requested size: 45.35815pt x 45.3588pt.

<figures/synthetic/pairwise.png, id=323, 128.48pt x 128.48pt>
File: figures/synthetic/pairwise.png Graphic file (type png)

<use figures/synthetic/pairwise.png>
Package pdftex.def Info: figures/synthetic/pairwise.png used on input line 1079
.
(pdftex.def)             Requested size: 45.35815pt x 45.3588pt.

<figures/synthetic/iteration3.png, id=324, 128.48pt x 128.48pt>
File: figures/synthetic/iteration3.png Graphic file (type png)

<use figures/synthetic/iteration3.png>
Package pdftex.def Info: figures/synthetic/iteration3.png used on input line 10
80.
(pdftex.def)             Requested size: 45.35815pt x 45.3588pt.

<figures/synthetic/highorder.png, id=325, 128.48pt x 128.48pt>
File: figures/synthetic/highorder.png Graphic file (type png)

<use figures/synthetic/highorder.png>
Package pdftex.def Info: figures/synthetic/highorder.png used on input line 108
1.
(pdftex.def)             Requested size: 45.35815pt x 45.3588pt.
Package epstopdf Info: Source file: <figures/synthenv1.eps>
(epstopdf)                    date: 2016-08-17 12:28:00
(epstopdf)                    size: 11598 bytes
(epstopdf)             Output file: <figures/synthenv1-eps-converted-to.pdf>
(epstopdf)                    date: 2016-08-17 19:26:44
(epstopdf)                    size: 7466 bytes
(epstopdf)             Command: <repstopdf --outfile=figures/synthenv1-eps-conv
erted-to.pdf figures/synthenv1.eps>
(epstopdf)             \includegraphics on input line 1108.
Package epstopdf Info: Output file is already uptodate.

<figures/synthenv1-eps-converted-to.pdf, id=328, 449.68pt x 338.26375pt>
File: figures/synthenv1-eps-converted-to.pdf Graphic file (type pdf)

<use figures/synthenv1-eps-converted-to.pdf>
Package pdftex.def Info: figures/synthenv1-eps-converted-to.pdf used on input l
ine 1108.
(pdftex.def)             Requested size: 165.12378pt x 124.21106pt.
Package epstopdf Info: Source file: <figures/synthenv5.eps>
(epstopdf)                    date: 2016-08-17 12:28:00
(epstopdf)                    size: 11605 bytes
(epstopdf)             Output file: <figures/synthenv5-eps-converted-to.pdf>
(epstopdf)                    date: 2016-08-17 19:26:44
(epstopdf)                    size: 7619 bytes
(epstopdf)             Command: <repstopdf --outfile=figures/synthenv5-eps-conv
erted-to.pdf figures/synthenv5.eps>
(epstopdf)             \includegraphics on input line 1109.
Package epstopdf Info: Output file is already uptodate.

<figures/synthenv5-eps-converted-to.pdf, id=329, 449.68pt x 338.26375pt>
File: figures/synthenv5-eps-converted-to.pdf Graphic file (type pdf)

<use figures/synthenv5-eps-converted-to.pdf>
Package pdftex.def Info: figures/synthenv5-eps-converted-to.pdf used on input l
ine 1109.
(pdftex.def)             Requested size: 165.12378pt x 124.21106pt.
Package epstopdf Info: Source file: <figures/synthenv2.eps>
(epstopdf)                    date: 2016-08-17 12:28:00
(epstopdf)                    size: 16422 bytes
(epstopdf)             Output file: <figures/synthenv2-eps-converted-to.pdf>
(epstopdf)                    date: 2016-08-17 19:26:44
(epstopdf)                    size: 11411 bytes
(epstopdf)             Command: <repstopdf --outfile=figures/synthenv2-eps-conv
erted-to.pdf figures/synthenv2.eps>
(epstopdf)             \includegraphics on input line 1110.
Package epstopdf Info: Output file is already uptodate.

<figures/synthenv2-eps-converted-to.pdf, id=330, 449.68pt x 338.26375pt>
File: figures/synthenv2-eps-converted-to.pdf Graphic file (type pdf)

<use figures/synthenv2-eps-converted-to.pdf>
Package pdftex.def Info: figures/synthenv2-eps-converted-to.pdf used on input l
ine 1110.
(pdftex.def)             Requested size: 165.12378pt x 124.21106pt.
Package epstopdf Info: Source file: <figures/synthenv3.eps>
(epstopdf)                    date: 2016-08-17 12:28:00
(epstopdf)                    size: 11590 bytes
(epstopdf)             Output file: <figures/synthenv3-eps-converted-to.pdf>
(epstopdf)                    date: 2016-08-17 19:26:45
(epstopdf)                    size: 7717 bytes
(epstopdf)             Command: <repstopdf --outfile=figures/synthenv3-eps-conv
erted-to.pdf figures/synthenv3.eps>
(epstopdf)             \includegraphics on input line 1112.
Package epstopdf Info: Output file is already uptodate.

<figures/synthenv3-eps-converted-to.pdf, id=331, 449.68pt x 338.26375pt>
File: figures/synthenv3-eps-converted-to.pdf Graphic file (type pdf)

<use figures/synthenv3-eps-converted-to.pdf>
Package pdftex.def Info: figures/synthenv3-eps-converted-to.pdf used on input l
ine 1112.
(pdftex.def)             Requested size: 165.12378pt x 124.21106pt.
Package epstopdf Info: Source file: <figures/synthenv6.eps>
(epstopdf)                    date: 2016-08-17 12:28:00
(epstopdf)                    size: 11587 bytes
(epstopdf)             Output file: <figures/synthenv6-eps-converted-to.pdf>
(epstopdf)                    date: 2016-08-17 19:26:45
(epstopdf)                    size: 7619 bytes
(epstopdf)             Command: <repstopdf --outfile=figures/synthenv6-eps-conv
erted-to.pdf figures/synthenv6.eps>
(epstopdf)             \includegraphics on input line 1113.
Package epstopdf Info: Output file is already uptodate.

<figures/synthenv6-eps-converted-to.pdf, id=332, 449.68pt x 338.26375pt>
File: figures/synthenv6-eps-converted-to.pdf Graphic file (type pdf)

<use figures/synthenv6-eps-converted-to.pdf>
Package pdftex.def Info: figures/synthenv6-eps-converted-to.pdf used on input l
ine 1113.
(pdftex.def)             Requested size: 165.12378pt x 124.21106pt.
Package epstopdf Info: Source file: <figures/synthenv4.eps>
(epstopdf)                    date: 2016-08-17 12:28:00
(epstopdf)                    size: 16440 bytes
(epstopdf)             Output file: <figures/synthenv4-eps-converted-to.pdf>
(epstopdf)                    date: 2016-08-17 19:26:46
(epstopdf)                    size: 11306 bytes
(epstopdf)             Command: <repstopdf --outfile=figures/synthenv4-eps-conv
erted-to.pdf figures/synthenv4.eps>
(epstopdf)             \includegraphics on input line 1114.
Package epstopdf Info: Output file is already uptodate.

<figures/synthenv4-eps-converted-to.pdf, id=333, 449.68pt x 338.26375pt>
File: figures/synthenv4-eps-converted-to.pdf Graphic file (type pdf)

<use figures/synthenv4-eps-converted-to.pdf>
Package pdftex.def Info: figures/synthenv4-eps-converted-to.pdf used on input l
ine 1114.
(pdftex.def)             Requested size: 165.12378pt x 124.21106pt.

<figures/synth_corrupt/synth_corrupt_1_1.png, id=337, 128.48pt x 128.48pt>
File: figures/synth_corrupt/synth_corrupt_1_1.png Graphic file (type png)

<use figures/synth_corrupt/synth_corrupt_1_1.png>
Package pdftex.def Info: figures/synth_corrupt/synth_corrupt_1_1.png used on in
put line 1154.
(pdftex.def)             Requested size: 45.35815pt x 45.3588pt.

<figures/synth_corrupt/synth_corrupt_1_2.png, id=338, 128.48pt x 128.48pt>
File: figures/synth_corrupt/synth_corrupt_1_2.png Graphic file (type png)

<use figures/synth_corrupt/synth_corrupt_1_2.png>
Package pdftex.def Info: figures/synth_corrupt/synth_corrupt_1_2.png used on in
put line 1155.
(pdftex.def)             Requested size: 45.35815pt x 45.3588pt.

<figures/synth_corrupt/synth_corrupt_1_3.png, id=339, 128.48pt x 128.48pt>
File: figures/synth_corrupt/synth_corrupt_1_3.png Graphic file (type png)

<use figures/synth_corrupt/synth_corrupt_1_3.png>
Package pdftex.def Info: figures/synth_corrupt/synth_corrupt_1_3.png used on in
put line 1156.
(pdftex.def)             Requested size: 45.35815pt x 45.3588pt.

<figures/synth_corrupt/synth_corrupt_1_4.png, id=340, 128.48pt x 128.48pt>
File: figures/synth_corrupt/synth_corrupt_1_4.png Graphic file (type png)

<use figures/synth_corrupt/synth_corrupt_1_4.png>
Package pdftex.def Info: figures/synth_corrupt/synth_corrupt_1_4.png used on in
put line 1157.
(pdftex.def)             Requested size: 45.35815pt x 45.3588pt.

<figures/synth_corrupt/synth_corrupt_2_1.png, id=341, 128.48pt x 128.48pt>
File: figures/synth_corrupt/synth_corrupt_2_1.png Graphic file (type png)

<use figures/synth_corrupt/synth_corrupt_2_1.png>
Package pdftex.def Info: figures/synth_corrupt/synth_corrupt_2_1.png used on in
put line 1159.
(pdftex.def)             Requested size: 45.35815pt x 45.3588pt.

<figures/synth_corrupt/synth_corrupt_2_2.png, id=342, 128.48pt x 128.48pt>
File: figures/synth_corrupt/synth_corrupt_2_2.png Graphic file (type png)

<use figures/synth_corrupt/synth_corrupt_2_2.png>
Package pdftex.def Info: figures/synth_corrupt/synth_corrupt_2_2.png used on in
put line 1160.
(pdftex.def)             Requested size: 45.35815pt x 45.3588pt.

<figures/synth_corrupt/synth_corrupt_2_3.png, id=343, 128.48pt x 128.48pt>
File: figures/synth_corrupt/synth_corrupt_2_3.png Graphic file (type png)

<use figures/synth_corrupt/synth_corrupt_2_3.png>
Package pdftex.def Info: figures/synth_corrupt/synth_corrupt_2_3.png used on in
put line 1161.
(pdftex.def)             Requested size: 45.35815pt x 45.3588pt.

<figures/synth_corrupt/synth_corrupt_2_4.png, id=344, 128.48pt x 128.48pt>
File: figures/synth_corrupt/synth_corrupt_2_4.png Graphic file (type png)

<use figures/synth_corrupt/synth_corrupt_2_4.png>
Package pdftex.def Info: figures/synth_corrupt/synth_corrupt_2_4.png used on in
put line 1162.
(pdftex.def)             Requested size: 45.35815pt x 45.3588pt.

<figures/synth_corrupt/synth_corrupt_3_1.png, id=345, 128.48pt x 128.48pt>
File: figures/synth_corrupt/synth_corrupt_3_1.png Graphic file (type png)

<use figures/synth_corrupt/synth_corrupt_3_1.png>
Package pdftex.def Info: figures/synth_corrupt/synth_corrupt_3_1.png used on in
put line 1164.
(pdftex.def)             Requested size: 45.35815pt x 45.3588pt.

<figures/synth_corrupt/synth_corrupt_3_2.png, id=346, 128.48pt x 128.48pt>
File: figures/synth_corrupt/synth_corrupt_3_2.png Graphic file (type png)

<use figures/synth_corrupt/synth_corrupt_3_2.png>
Package pdftex.def Info: figures/synth_corrupt/synth_corrupt_3_2.png used on in
put line 1165.
(pdftex.def)             Requested size: 45.35815pt x 45.3588pt.

<figures/synth_corrupt/synth_corrupt_3_3.png, id=347, 128.48pt x 128.48pt>
File: figures/synth_corrupt/synth_corrupt_3_3.png Graphic file (type png)

<use figures/synth_corrupt/synth_corrupt_3_3.png>
Package pdftex.def Info: figures/synth_corrupt/synth_corrupt_3_3.png used on in
put line 1166.
(pdftex.def)             Requested size: 45.35815pt x 45.3588pt.

<figures/synth_corrupt/synth_corrupt_3_4.png, id=348, 128.48pt x 128.48pt>
File: figures/synth_corrupt/synth_corrupt_3_4.png Graphic file (type png)

<use figures/synth_corrupt/synth_corrupt_3_4.png>
Package pdftex.def Info: figures/synth_corrupt/synth_corrupt_3_4.png used on in
put line 1167.
(pdftex.def)             Requested size: 45.35815pt x 45.3588pt.
 [8 <./figures/synthetic/groundtruth.png (PNG copy)> <./figures/synthetic/data.
png (PNG copy)> <./figures/synthetic/pairwise.png (PNG copy)> <./figures/synthe
tic/iteration3.png (PNG copy)> <./figures/synthetic/highorder.png (PNG copy)>] 
[9 <./figures/synthenv1-eps-converted-to.pdf> <./figures/synthenv5-eps-converte
d-to.pdf> <./figures/synthenv2-eps-converted-to.pdf> <./figures/synthenv3-eps-c
onverted-to.pdf> <./figures/synthenv6-eps-converted-to.pdf> <./figures/synthenv
4-eps-converted-to.pdf> <./figures/synth_corrupt/synth_corrupt_1_1.png (PNG cop
y)> <./figures/synth_corrupt/synth_corrupt_1_2.png (PNG copy)> <./figures/synth
_corrupt/synth_corrupt_1_3.png (PNG copy)> <./figures/synth_corrupt/synth_corru
pt_1_4.png (PNG copy)> <./figures/synth_corrupt/synth_corrupt_2_1.png (PNG copy
)> <./figures/synth_corrupt/synth_corrupt_2_2.png (PNG copy)> <./figures/synth_
corrupt/synth_corrupt_2_3.png (PNG copy)> <./figures/synth_corrupt/synth_corrup
t_2_4.png (PNG copy)> <./figures/synth_corrupt/synth_corrupt_3_1.png (PNG copy)
> <./figures/synth_corrupt/synth_corrupt_3_2.png (PNG copy)> <./figures/synth_c
orrupt/synth_corrupt_3_3.png (PNG copy)> <./figures/synth_corrupt/synth_corrupt
_3_4.png (PNG copy)>]
Overfull \hbox (49.92554pt too wide) in paragraph at lines 1264--1275
 [] 
 []


Underfull \hbox (badness 10000) in paragraph at lines 1295--1301
[]\OT1/ppl/m/n/10 Concretely, our unary terms con-tain the log-
 []


Underfull \hbox (badness 5504) in paragraph at lines 1295--1301
\OT1/ppl/m/n/10 probability from a learned boosted de-ci-sion tree
 []


Underfull \hbox (badness 2469) in paragraph at lines 1295--1301
\OT1/ppl/m/n/10 sur-round-ing the pixel. We use the 17-dimensional
 []

<figures/weizmann/horse165.png, id=413, 1606.0pt x 239.89626pt>
File: figures/weizmann/horse165.png Graphic file (type png)

<use figures/weizmann/horse165.png>
Package pdftex.def Info: figures/weizmann/horse165.png used on input line 1359.

(pdftex.def)             Requested size: 252.0pt x 37.6411pt.

<figures/weizmann/horse232.png, id=414, 1606.0pt x 240.9pt>
File: figures/weizmann/horse232.png Graphic file (type png)

<use figures/weizmann/horse232.png>
Package pdftex.def Info: figures/weizmann/horse232.png used on input line 1361.

(pdftex.def)             Requested size: 252.0pt x 37.79858pt.

<figures/weizmann/horse239.png, id=415, 1606.0pt x 240.9pt>
File: figures/weizmann/horse239.png Graphic file (type png)

<use figures/weizmann/horse239.png>
Package pdftex.def Info: figures/weizmann/horse239.png used on input line 1363.

(pdftex.def)             Requested size: 252.0pt x 37.79858pt.

<figures/weizmann/horse250.png, id=416, 1606.0pt x 257.96375pt>
File: figures/weizmann/horse250.png Graphic file (type png)

<use figures/weizmann/horse250.png>
Package pdftex.def Info: figures/weizmann/horse250.png used on input line 1365.

(pdftex.def)             Requested size: 252.0pt x 40.47598pt.

<figures/weizmann/horse268.png, id=417, 1606.0pt x 406.51875pt>
File: figures/weizmann/horse268.png Graphic file (type png)

<use figures/weizmann/horse268.png>
Package pdftex.def Info: figures/weizmann/horse268.png used on input line 1367.

(pdftex.def)             Requested size: 252.0pt x 63.78511pt.

<figures/weizmann/horse276.png, id=418, 1606.0pt x 240.9pt>
File: figures/weizmann/horse276.png Graphic file (type png)

<use figures/weizmann/horse276.png>
Package pdftex.def Info: figures/weizmann/horse276.png used on input line 1369.

(pdftex.def)             Requested size: 252.0pt x 37.79858pt.
 [10]
Underfull \hbox (badness 10000) in paragraph at lines 1397--1403
[]\OT1/ppl/m/n/10 Our for-mu-la-tion al-lows ar-bi-trary non-negative
 []


Underfull \hbox (badness 5431) in paragraph at lines 1421--1426
\OT1/ppl/m/n/10 struc-tured higher-order mod-els and latent-variable
 []


Underfull \hbox (badness 1371) in paragraph at lines 1435--1437
\OT1/ppl/m/n/10 Coun-cil's \OT1/ppl/m/it/10 Dis-cov-ery Projects \OT1/ppl/m/n/1
0 fund-ing scheme (project
 []

(./linEnvLearn-PAMI-2013.bbl [11 <./figures/weizmann/horse165.png (PNG copy)> <
./figures/weizmann/horse232.png (PNG copy)> <./figures/weizmann/horse239.png (P
NG copy)> <./figures/weizmann/horse250.png (PNG copy)> <./figures/weizmann/hors
e268.png (PNG copy)> <./figures/weizmann/horse276.png (PNG copy)>]
Underfull \hbox (badness 10000) in paragraph at lines 226--230
[]\OT1/ppl/m/n/10 B. Taskar, V. Chatal-ba-shev, D. Koller, and
 []


Underfull \hbox (badness 4569) in paragraph at lines 226--230
\OT1/ppl/m/n/10 C. Guestrin.  Learn-ing struc-tured pre-dic-tion
 []

) [12] <figures/sgould_bw.jpg, id=450, 160.6pt x 200.75pt>
File: figures/sgould_bw.jpg Graphic file (type jpg)

<use figures/sgould_bw.jpg>
Package pdftex.def Info: figures/sgould_bw.jpg used on input line 1449.
(pdftex.def)             Requested size: 72.27177pt x 90.33972pt.
File: figures/sgould_bw.jpg Graphic file (type jpg)
 <use figures/sgould_bw.jpg>
Package pdftex.def Info: figures/sgould_bw.jpg used on input line 1449.
(pdftex.def)             Requested size: 72.27177pt x 90.33972pt.
 [13

 <./figures/sgould_bw.jpg>]
Underfull \hbox (badness 10000) in paragraph at lines 1539--1543
[]\OT1/ppl/m/n/10 The dual op-ti-miza-tion prob-lem to
 []


Underfull \hbox (badness 10000) in paragraph at lines 1539--1543
[]  []$ \OT1/ppl/m/n/10 is to max-i-mize
 []

Package atveryend Info: Empty hook `BeforeClearDocument' on input line 1612.
[14

]
Package atveryend Info: Empty hook `AfterLastShipout' on input line 1612.
 (./linEnvLearn-PAMI-2013.aux)
Package atveryend Info: Executing hook `AtVeryEndDocument' on input line 1612.
Package atveryend Info: Executing hook `AtEndAfterFileList' on input line 1612.

Package rerunfilecheck Info: File `linEnvLearn-PAMI-2013.out' has not changed.
(rerunfilecheck)             Checksum: 5244EFFB341BC7903E2737EFF9718829;1156.
Package atveryend Info: Empty hook `AtVeryVeryEnd' on input line 1612.
 ) 
Here is how much of TeX's memory you used:
 10562 strings out of 493033
 161655 string characters out of 6134139
 269551 words of memory out of 5000000
 13762 multiletter control sequences out of 15000+600000
 61302 words of font info for 147 fonts, out of 8000000 for 9000
 1144 hyphenation exceptions out of 8191
 36i,23n,46p,1089b,658s stack positions out of 5000i,500n,10000p,200000b,80000s
{/usr/local/texlive/2015/texmf-dist/fonts/enc/dvips/base/8r.enc}</usr/local/t
exlive/2015/texmf-dist/fonts/type1/public/amsfonts/cm/cmbx10.pfb></usr/local/te
xlive/2015/texmf-dist/fonts/type1/public/amsfonts/cm/cmex10.pfb></usr/local/tex
live/2015/texmf-dist/fonts/type1/public/amsfonts/cmextra/cmex8.pfb></usr/local/
texlive/2015/texmf-dist/fonts/type1/public/amsfonts/cmextra/cmex9.pfb></usr/loc
al/texlive/2015/texmf-dist/fonts/type1/public/amsfonts/cm/cmmi10.pfb></usr/loca
l/texlive/2015/texmf-dist/fonts/type1/public/amsfonts/cm/cmmi5.pfb></usr/local/
texlive/2015/texmf-dist/fonts/type1/public/amsfonts/cm/cmmi6.pfb></usr/local/te
xlive/2015/texmf-dist/fonts/type1/public/amsfonts/cm/cmmi7.pfb></usr/local/texl
ive/2015/texmf-dist/fonts/type1/public/amsfonts/cm/cmmi8.pfb></usr/local/texliv
e/2015/texmf-dist/fonts/type1/public/amsfonts/cm/cmmi9.pfb></usr/local/texlive/
2015/texmf-dist/fonts/type1/public/amsfonts/cm/cmmib10.pfb></usr/local/texlive/
2015/texmf-dist/fonts/type1/public/amsfonts/cmextra/cmmib5.pfb></usr/local/texl
ive/2015/texmf-dist/fonts/type1/public/amsfonts/cmextra/cmmib7.pfb></usr/local/
texlive/2015/texmf-dist/fonts/type1/public/amsfonts/cmextra/cmmib8.pfb></usr/lo
cal/texlive/2015/texmf-dist/fonts/type1/public/amsfonts/cmextra/cmmib9.pfb></us
r/local/texlive/2015/texmf-dist/fonts/type1/public/amsfonts/cm/cmr10.pfb></usr/
local/texlive/2015/texmf-dist/fonts/type1/public/amsfonts/cm/cmr5.pfb></usr/loc
al/texlive/2015/texmf-dist/fonts/type1/public/amsfonts/cm/cmr6.pfb></usr/local/
texlive/2015/texmf-dist/fonts/type1/public/amsfonts/cm/cmr7.pfb></usr/local/tex
live/2015/texmf-dist/fonts/type1/public/amsfonts/cm/cmr8.pfb></usr/local/texliv
e/2015/texmf-dist/fonts/type1/public/amsfonts/cm/cmr9.pfb></usr/local/texlive/2
015/texmf-dist/fonts/type1/public/amsfonts/cm/cmsy10.pfb></usr/local/texlive/20
15/texmf-dist/fonts/type1/public/amsfonts/cm/cmsy5.pfb></usr/local/texlive/2015
/texmf-dist/fonts/type1/public/amsfonts/cm/cmsy6.pfb></usr/local/texlive/2015/t
exmf-dist/fonts/type1/public/amsfonts/cm/cmsy7.pfb></usr/local/texlive/2015/tex
mf-dist/fonts/type1/public/amsfonts/cm/cmsy8.pfb></usr/local/texlive/2015/texmf
-dist/fonts/type1/public/amsfonts/cm/cmsy9.pfb></usr/local/texlive/2015/texmf-d
ist/fonts/type1/public/amsfonts/symbols/msam10.pfb></usr/local/texlive/2015/tex
mf-dist/fonts/type1/public/amsfonts/symbols/msbm10.pfb></usr/local/texlive/2015
/texmf-dist/fonts/type1/urw/helvetic/uhvb8a.pfb></usr/local/texlive/2015/texmf-
dist/fonts/type1/urw/helvetic/uhvr8a.pfb></usr/local/texlive/2015/texmf-dist/fo
nts/type1/urw/helvetic/uhvro8a.pfb></usr/local/texlive/2015/texmf-dist/fonts/ty
pe1/urw/palatino/uplb8a.pfb></usr/local/texlive/2015/texmf-dist/fonts/type1/urw
/palatino/uplr8a.pfb></usr/local/texlive/2015/texmf-dist/fonts/type1/urw/palati
no/uplri8a.pfb></usr/local/texlive/2015/texmf-dist/fonts/type1/urw/zapfding/uzd
r.pfb>
Output written on linEnvLearn-PAMI-2013.pdf (14 pages, 2956219 bytes).
PDF statistics:
 625 PDF objects out of 1000 (max. 8388607)
 524 compressed objects within 6 object streams
 131 named destinations out of 1000 (max. 500000)
 327 words of extra memory for PDF output out of 10000 (max. 10000000)

